<?xml version="1.0" encoding="UTF-8"?>
<coverage generated="1530803480869" clover="3.2.0">
  <project timestamp="1530803480869" name="All files">
    <metrics statements="17" coveredstatements="17" conditionals="8" coveredconditionals="8" methods="5" coveredmethods="5" elements="30" coveredelements="30" complexity="0" loc="17" ncloc="17" packages="1" files="2" classes="2">
      <file name="reduce-recursive.js" path="D:\PROJETOS\DIVERSOS\CURSOS\REACT\NINJA\jest-in-practice\src\reduce\reduce-recursive.js">
        <metrics statements="8" coveredstatements="8" conditionals="6" coveredconditionals="6" methods="4" coveredmethods="4"/>
        <line num="3" count="12" type="stmt"/>
        <line num="5" count="1" type="stmt"/>
        <line num="6" count="6" type="cond" truecount="2" falsecount="0"/>
        <line num="7" count="6" type="cond" truecount="2" falsecount="0"/>
        <line num="9" count="6" type="stmt"/>
        <line num="10" count="20" type="stmt"/>
        <line num="11" count="20" type="stmt"/>
        <line num="13" count="20" type="cond" truecount="2" falsecount="0"/>
      </file>
      <file name="reduce.js" path="D:\PROJETOS\DIVERSOS\CURSOS\REACT\NINJA\jest-in-practice\src\reduce\reduce.js">
        <metrics statements="9" coveredstatements="9" conditionals="2" coveredconditionals="2" methods="1" coveredmethods="1"/>
        <line num="3" count="1" type="stmt"/>
        <line num="4" count="6" type="stmt"/>
        <line num="5" count="6" type="stmt"/>
        <line num="7" count="6" type="cond" truecount="2" falsecount="0"/>
        <line num="8" count="1" type="stmt"/>
        <line num="9" count="1" type="stmt"/>
        <line num="12" count="6" type="stmt"/>
        <line num="13" count="14" type="stmt"/>
        <line num="16" count="6" type="stmt"/>
      </file>
    </metrics>
  </project>
</coverage>
