{"D:\\PROJETOS\\DIVERSOS\\CURSOS\\REACT\\NINJA\\jest-in-practice\\src\\map\\map.js": {"path":"D:\\PROJETOS\\DIVERSOS\\CURSOS\\REACT\\NINJA\\jest-in-practice\\src\\map\\map.js","statementMap":{"0":{"start":{"line":2,"column":13},"end":{"line":7,"column":2}},"1":{"start":{"line":2,"column":40},"end":{"line":2,"column":44}},"2":{"start":{"line":3,"column":17},"end":{"line":3,"column":19}},"3":{"start":{"line":4,"column":4},"end":{"line":5,"column":41}},"4":{"start":{"line":5,"column":8},"end":{"line":5,"column":41}},"5":{"start":{"line":6,"column":4},"end":{"line":6,"column":17}}},"fnMap":{"0":{"name":"(anonymous_0)","decl":{"start":{"line":2,"column":13},"end":{"line":2,"column":14}},"loc":{"start":{"line":2,"column":49},"end":{"line":7,"column":2}},"line":2},"1":{"name":"(anonymous_1)","decl":{"start":{"line":2,"column":31},"end":{"line":2,"column":32}},"loc":{"start":{"line":2,"column":40},"end":{"line":2,"column":44}},"line":2}},"branchMap":{"0":{"loc":{"start":{"line":2,"column":14},"end":{"line":2,"column":22}},"type":"default-arg","locations":[{"start":{"line":2,"column":20},"end":{"line":2,"column":22}}],"line":2},"1":{"loc":{"start":{"line":2,"column":24},"end":{"line":2,"column":44}},"type":"default-arg","locations":[{"start":{"line":2,"column":31},"end":{"line":2,"column":44}}],"line":2}},"s":{"0":1,"1":2,"2":8,"3":8,"4":14,"5":8},"f":{"0":8,"1":2},"b":{"0":[1],"1":[2]},"_coverageSchema":"332fd63041d2c1bcb487cc26dd0d5f7d97098a6c","hash":"03fce6cfcad9a834cd2364b782ad9b7b47b420d3"}
}
