{"D:\\PROJETOS\\DIVERSOS\\CURSOS\\REACT\\NINJA\\jest-in-practice\\src\\reduce\\reduce-recursive.js": {"path":"D:\\PROJETOS\\DIVERSOS\\CURSOS\\REACT\\NINJA\\jest-in-practice\\src\\reduce\\reduce-recursive.js","statementMap":{"0":{"start":{"line":3,"column":32},"end":{"line":3,"column":76}},"1":{"start":{"line":3,"column":50},"end":{"line":3,"column":76}},"2":{"start":{"line":5,"column":15},"end":{"line":17,"column":1}},"3":{"start":{"line":6,"column":14},"end":{"line":6,"column":75}},"4":{"start":{"line":7,"column":18},"end":{"line":7,"column":76}},"5":{"start":{"line":9,"column":2},"end":{"line":16,"column":21}},"6":{"start":{"line":10,"column":28},"end":{"line":10,"column":39}},"7":{"start":{"line":11,"column":20},"end":{"line":11,"column":67}},"8":{"start":{"line":11,"column":26},"end":{"line":11,"column":67}},"9":{"start":{"line":13,"column":4},"end":{"line":15,"column":56}}},"fnMap":{"0":{"name":"(anonymous_0)","decl":{"start":{"line":3,"column":32},"end":{"line":3,"column":33}},"loc":{"start":{"line":3,"column":50},"end":{"line":3,"column":76}},"line":3},"1":{"name":"(anonymous_1)","decl":{"start":{"line":5,"column":15},"end":{"line":5,"column":16}},"loc":{"start":{"line":5,"column":44},"end":{"line":17,"column":1}},"line":5},"2":{"name":"mainReduceInternal","decl":{"start":{"line":9,"column":19},"end":{"line":9,"column":37}},"loc":{"start":{"line":9,"column":74},"end":{"line":16,"column":3}},"line":9},"3":{"name":"(anonymous_3)","decl":{"start":{"line":11,"column":20},"end":{"line":11,"column":21}},"loc":{"start":{"line":11,"column":26},"end":{"line":11,"column":67}},"line":11}},"branchMap":{"0":{"loc":{"start":{"line":6,"column":14},"end":{"line":6,"column":75}},"type":"cond-expr","locations":[{"start":{"line":6,"column":54},"end":{"line":6,"column":60}},{"start":{"line":6,"column":63},"end":{"line":6,"column":75}}],"line":6},"1":{"loc":{"start":{"line":7,"column":18},"end":{"line":7,"column":76}},"type":"cond-expr","locations":[{"start":{"line":7,"column":58},"end":{"line":7,"column":70}},{"start":{"line":7,"column":73},"end":{"line":7,"column":76}}],"line":7},"2":{"loc":{"start":{"line":13,"column":11},"end":{"line":15,"column":56}},"type":"cond-expr","locations":[{"start":{"line":14,"column":8},"end":{"line":14,"column":19}},{"start":{"line":15,"column":8},"end":{"line":15,"column":56}}],"line":13}},"s":{"0":1,"1":12,"2":1,"3":6,"4":6,"5":6,"6":20,"7":20,"8":14,"9":20},"f":{"0":12,"1":6,"2":20,"3":14},"b":{"0":[1,5],"1":[1,5],"2":[6,14]},"_coverageSchema":"332fd63041d2c1bcb487cc26dd0d5f7d97098a6c","hash":"dca5d78a6fa70916c70be4f101e3cca4ebb5c126"}
,"D:\\PROJETOS\\DIVERSOS\\CURSOS\\REACT\\NINJA\\jest-in-practice\\src\\reduce\\reduce.js": {"path":"D:\\PROJETOS\\DIVERSOS\\CURSOS\\REACT\\NINJA\\jest-in-practice\\src\\reduce\\reduce.js","statementMap":{"0":{"start":{"line":3,"column":15},"end":{"line":17,"column":3}},"1":{"start":{"line":4,"column":14},"end":{"line":4,"column":26}},"2":{"start":{"line":5,"column":18},"end":{"line":5,"column":21}},"3":{"start":{"line":7,"column":4},"end":{"line":10,"column":5}},"4":{"start":{"line":8,"column":6},"end":{"line":8,"column":18}},"5":{"start":{"line":9,"column":6},"end":{"line":9,"column":28}},"6":{"start":{"line":12,"column":4},"end":{"line":14,"column":5}},"7":{"start":{"line":13,"column":6},"end":{"line":13,"column":45}},"8":{"start":{"line":16,"column":4},"end":{"line":16,"column":14}}},"fnMap":{"0":{"name":"(anonymous_0)","decl":{"start":{"line":3,"column":15},"end":{"line":3,"column":16}},"loc":{"start":{"line":3,"column":44},"end":{"line":17,"column":3}},"line":3}},"branchMap":{"0":{"loc":{"start":{"line":7,"column":4},"end":{"line":10,"column":5}},"type":"if","locations":[{"start":{"line":7,"column":4},"end":{"line":10,"column":5}},{"start":{"line":7,"column":4},"end":{"line":10,"column":5}}],"line":7}},"s":{"0":1,"1":6,"2":6,"3":6,"4":1,"5":1,"6":6,"7":14,"8":6},"f":{"0":6},"b":{"0":[1,5]},"_coverageSchema":"332fd63041d2c1bcb487cc26dd0d5f7d97098a6c","hash":"cb0355f95a0a5d2ced4bbfd72404a13806d20b80"}
}
